1727387506.517869 client started (23269): version 3.4, socket /tmp/tmux-1002/default, protocol 8
1727387506.517890 on Linux 5.15.153.1-microsoft-standard-WSL2 #1 SMP Fri Mar 29 23:14:13 UTC 2024
1727387506.517893 using libevent 2.1.12-stable poll
1727387506.517896 using ncurses 6.4 20240113
1727387506.517908 flags are 0x18010000
1727387506.517920 socket is /tmp/tmux-1002/default
1727387506.517930 trying connect
1727387506.517942 connect failed: No such file or directory
1727387506.517948 lock file is /tmp/tmux-1002/default.lock
1727387506.517969 flock succeeded
1727387506.517972 got lock (7)
1727387506.517977 trying connect
1727387506.517982 connect failed: No such file or directory
1727387506.518183 add peer 0x55eb8a979440: 8 ((nil))
1727387506.518787 sending message 100 to peer 0x55eb8a979440 (4 bytes)
1727387506.518811 sending message 111 to peer 0x55eb8a979440 (8 bytes)
1727387506.518814 sending message 101 to peer 0x55eb8a979440 (15 bytes)
1727387506.518817 sending message 109 to peer 0x55eb8a979440 (4 bytes)
1727387506.518819 sending message 102 to peer 0x55eb8a979440 (11 bytes)
1727387506.518822 sending message 108 to peer 0x55eb8a979440 (21 bytes)
1727387506.518825 sending message 112 to peer 0x55eb8a979440 (58 bytes)
1727387506.518828 sending message 112 to peer 0x55eb8a979440 (5 bytes)
1727387506.518831 sending message 112 to peer 0x55eb8a979440 (5 bytes)
1727387506.518833 sending message 112 to peer 0x55eb8a979440 (6 bytes)
1727387506.518836 sending message 112 to peer 0x55eb8a979440 (6 bytes)
1727387506.518839 sending message 112 to peer 0x55eb8a979440 (11 bytes)
1727387506.518841 sending message 112 to peer 0x55eb8a979440 (10 bytes)
1727387506.518844 sending message 112 to peer 0x55eb8a979440 (13 bytes)
1727387506.518846 sending message 112 to peer 0x55eb8a979440 (14 bytes)
1727387506.518849 sending message 112 to peer 0x55eb8a979440 (19 bytes)
1727387506.518852 sending message 112 to peer 0x55eb8a979440 (11 bytes)
1727387506.518854 sending message 112 to peer 0x55eb8a979440 (10 bytes)
1727387506.518857 sending message 112 to peer 0x55eb8a979440 (15 bytes)
1727387506.518860 sending message 112 to peer 0x55eb8a979440 (21 bytes)
1727387506.518862 sending message 112 to peer 0x55eb8a979440 (13 bytes)
1727387506.518865 sending message 112 to peer 0x55eb8a979440 (7 bytes)
1727387506.518868 sending message 112 to peer 0x55eb8a979440 (13 bytes)
1727387506.518870 sending message 112 to peer 0x55eb8a979440 (7 bytes)
1727387506.518873 sending message 112 to peer 0x55eb8a979440 (13 bytes)
1727387506.518876 sending message 112 to peer 0x55eb8a979440 (9 bytes)
1727387506.518878 sending message 112 to peer 0x55eb8a979440 (21 bytes)
1727387506.518881 sending message 112 to peer 0x55eb8a979440 (13 bytes)
1727387506.518884 sending message 112 to peer 0x55eb8a979440 (9 bytes)
1727387506.518886 sending message 112 to peer 0x55eb8a979440 (16 bytes)
1727387506.518889 sending message 112 to peer 0x55eb8a979440 (13 bytes)
1727387506.518892 sending message 112 to peer 0x55eb8a979440 (9 bytes)
1727387506.518894 sending message 112 to peer 0x55eb8a979440 (9 bytes)
1727387506.518897 sending message 112 to peer 0x55eb8a979440 (12 bytes)
1727387506.518900 sending message 112 to peer 0x55eb8a979440 (8 bytes)
1727387506.518902 sending message 112 to peer 0x55eb8a979440 (8 bytes)
1727387506.518905 sending message 112 to peer 0x55eb8a979440 (13 bytes)
1727387506.518908 sending message 112 to peer 0x55eb8a979440 (7 bytes)
1727387506.518910 sending message 112 to peer 0x55eb8a979440 (7 bytes)
1727387506.518913 sending message 112 to peer 0x55eb8a979440 (9 bytes)
1727387506.518916 sending message 112 to peer 0x55eb8a979440 (9 bytes)
1727387506.518918 sending message 112 to peer 0x55eb8a979440 (15 bytes)
1727387506.518921 sending message 112 to peer 0x55eb8a979440 (13 bytes)
1727387506.518923 sending message 112 to peer 0x55eb8a979440 (12 bytes)
1727387506.518926 sending message 112 to peer 0x55eb8a979440 (8 bytes)
1727387506.518929 sending message 112 to peer 0x55eb8a979440 (14 bytes)
1727387506.518932 sending message 112 to peer 0x55eb8a979440 (11 bytes)
1727387506.518940 sending message 112 to peer 0x55eb8a979440 (9 bytes)
1727387506.518943 sending message 112 to peer 0x55eb8a979440 (10 bytes)
1727387506.518945 sending message 112 to peer 0x55eb8a979440 (10 bytes)
1727387506.518948 sending message 112 to peer 0x55eb8a979440 (10 bytes)
1727387506.518950 sending message 112 to peer 0x55eb8a979440 (10 bytes)
1727387506.518953 sending message 112 to peer 0x55eb8a979440 (11 bytes)
1727387506.518956 sending message 112 to peer 0x55eb8a979440 (12 bytes)
1727387506.518958 sending message 112 to peer 0x55eb8a979440 (12 bytes)
1727387506.518961 sending message 112 to peer 0x55eb8a979440 (12 bytes)
1727387506.518963 sending message 112 to peer 0x55eb8a979440 (12 bytes)
1727387506.518966 sending message 112 to peer 0x55eb8a979440 (12 bytes)
1727387506.518968 sending message 112 to peer 0x55eb8a979440 (11 bytes)
1727387506.518971 sending message 112 to peer 0x55eb8a979440 (11 bytes)
1727387506.518974 sending message 112 to peer 0x55eb8a979440 (12 bytes)
1727387506.518976 sending message 112 to peer 0x55eb8a979440 (12 bytes)
1727387506.518979 sending message 112 to peer 0x55eb8a979440 (12 bytes)
1727387506.518981 sending message 112 to peer 0x55eb8a979440 (12 bytes)
1727387506.518984 sending message 112 to peer 0x55eb8a979440 (12 bytes)
1727387506.518986 sending message 112 to peer 0x55eb8a979440 (9 bytes)
1727387506.518989 sending message 112 to peer 0x55eb8a979440 (12 bytes)
1727387506.518992 sending message 112 to peer 0x55eb8a979440 (13 bytes)
1727387506.518994 sending message 112 to peer 0x55eb8a979440 (13 bytes)
1727387506.518997 sending message 112 to peer 0x55eb8a979440 (13 bytes)
1727387506.518999 sending message 112 to peer 0x55eb8a979440 (13 bytes)
1727387506.519002 sending message 112 to peer 0x55eb8a979440 (13 bytes)
1727387506.519004 sending message 112 to peer 0x55eb8a979440 (8 bytes)
1727387506.519007 sending message 112 to peer 0x55eb8a979440 (11 bytes)
1727387506.519010 sending message 112 to peer 0x55eb8a979440 (11 bytes)
1727387506.519012 sending message 112 to peer 0x55eb8a979440 (11 bytes)
1727387506.519015 sending message 112 to peer 0x55eb8a979440 (12 bytes)
1727387506.519018 sending message 112 to peer 0x55eb8a979440 (12 bytes)
1727387506.519020 sending message 112 to peer 0x55eb8a979440 (12 bytes)
1727387506.519023 sending message 112 to peer 0x55eb8a979440 (12 bytes)
1727387506.519026 sending message 112 to peer 0x55eb8a979440 (13 bytes)
1727387506.519028 sending message 112 to peer 0x55eb8a979440 (13 bytes)
1727387506.519031 sending message 112 to peer 0x55eb8a979440 (13 bytes)
1727387506.519034 sending message 112 to peer 0x55eb8a979440 (8 bytes)
1727387506.519036 sending message 112 to peer 0x55eb8a979440 (13 bytes)
1727387506.519039 sending message 112 to peer 0x55eb8a979440 (13 bytes)
1727387506.519042 sending message 112 to peer 0x55eb8a979440 (13 bytes)
1727387506.519045 sending message 112 to peer 0x55eb8a979440 (13 bytes)
1727387506.519047 sending message 112 to peer 0x55eb8a979440 (13 bytes)
1727387506.519050 sending message 112 to peer 0x55eb8a979440 (12 bytes)
1727387506.519052 sending message 112 to peer 0x55eb8a979440 (12 bytes)
1727387506.519055 sending message 112 to peer 0x55eb8a979440 (12 bytes)
1727387506.519058 sending message 112 to peer 0x55eb8a979440 (12 bytes)
1727387506.519060 sending message 112 to peer 0x55eb8a979440 (13 bytes)
1727387506.519063 sending message 112 to peer 0x55eb8a979440 (8 bytes)
1727387506.519065 sending message 112 to peer 0x55eb8a979440 (13 bytes)
1727387506.519068 sending message 112 to peer 0x55eb8a979440 (13 bytes)
1727387506.519071 sending message 112 to peer 0x55eb8a979440 (13 bytes)
1727387506.519073 sending message 112 to peer 0x55eb8a979440 (13 bytes)
1727387506.519076 sending message 112 to peer 0x55eb8a979440 (13 bytes)
1727387506.519078 sending message 112 to peer 0x55eb8a979440 (13 bytes)
1727387506.519081 sending message 112 to peer 0x55eb8a979440 (13 bytes)
1727387506.519084 sending message 112 to peer 0x55eb8a979440 (12 bytes)
1727387506.519086 sending message 112 to peer 0x55eb8a979440 (12 bytes)
1727387506.519093 sending message 112 to peer 0x55eb8a979440 (12 bytes)
1727387506.519096 sending message 112 to peer 0x55eb8a979440 (8 bytes)
1727387506.519099 sending message 112 to peer 0x55eb8a979440 (12 bytes)
1727387506.519101 sending message 112 to peer 0x55eb8a979440 (13 bytes)
1727387506.519104 sending message 112 to peer 0x55eb8a979440 (13 bytes)
1727387506.519106 sending message 112 to peer 0x55eb8a979440 (13 bytes)
1727387506.519109 sending message 112 to peer 0x55eb8a979440 (13 bytes)
1727387506.519112 sending message 112 to peer 0x55eb8a979440 (13 bytes)
1727387506.519114 sending message 112 to peer 0x55eb8a979440 (13 bytes)
1727387506.519117 sending message 112 to peer 0x55eb8a979440 (13 bytes)
1727387506.519119 sending message 112 to peer 0x55eb8a979440 (13 bytes)
1727387506.519122 sending message 112 to peer 0x55eb8a979440 (12 bytes)
1727387506.519125 sending message 112 to peer 0x55eb8a979440 (10 bytes)
1727387506.519127 sending message 112 to peer 0x55eb8a979440 (12 bytes)
1727387506.519130 sending message 112 to peer 0x55eb8a979440 (12 bytes)
1727387506.519132 sending message 112 to peer 0x55eb8a979440 (12 bytes)
1727387506.519135 sending message 112 to peer 0x55eb8a979440 (13 bytes)
1727387506.519137 sending message 112 to peer 0x55eb8a979440 (13 bytes)
1727387506.519140 sending message 112 to peer 0x55eb8a979440 (13 bytes)
1727387506.519143 sending message 112 to peer 0x55eb8a979440 (13 bytes)
1727387506.519145 sending message 112 to peer 0x55eb8a979440 (13 bytes)
1727387506.519148 sending message 112 to peer 0x55eb8a979440 (13 bytes)
1727387506.519151 sending message 112 to peer 0x55eb8a979440 (13 bytes)
1727387506.519153 sending message 112 to peer 0x55eb8a979440 (10 bytes)
1727387506.519156 sending message 112 to peer 0x55eb8a979440 (13 bytes)
1727387506.519158 sending message 112 to peer 0x55eb8a979440 (12 bytes)
1727387506.519161 sending message 112 to peer 0x55eb8a979440 (12 bytes)
1727387506.519164 sending message 112 to peer 0x55eb8a979440 (12 bytes)
1727387506.519166 sending message 112 to peer 0x55eb8a979440 (10 bytes)
1727387506.519169 sending message 112 to peer 0x55eb8a979440 (10 bytes)
1727387506.519172 sending message 112 to peer 0x55eb8a979440 (10 bytes)
1727387506.519174 sending message 112 to peer 0x55eb8a979440 (12 bytes)
1727387506.519177 sending message 112 to peer 0x55eb8a979440 (13 bytes)
1727387506.519179 sending message 112 to peer 0x55eb8a979440 (13 bytes)
1727387506.519182 sending message 112 to peer 0x55eb8a979440 (13 bytes)
1727387506.519185 sending message 112 to peer 0x55eb8a979440 (13 bytes)
1727387506.519187 sending message 112 to peer 0x55eb8a979440 (13 bytes)
1727387506.519190 sending message 112 to peer 0x55eb8a979440 (10 bytes)
1727387506.519193 sending message 112 to peer 0x55eb8a979440 (11 bytes)
1727387506.519195 sending message 112 to peer 0x55eb8a979440 (12 bytes)
1727387506.519198 sending message 112 to peer 0x55eb8a979440 (12 bytes)
1727387506.519201 sending message 112 to peer 0x55eb8a979440 (12 bytes)
1727387506.519203 sending message 112 to peer 0x55eb8a979440 (12 bytes)
1727387506.519206 sending message 112 to peer 0x55eb8a979440 (12 bytes)
1727387506.519208 sending message 112 to peer 0x55eb8a979440 (11 bytes)
1727387506.519211 sending message 112 to peer 0x55eb8a979440 (12 bytes)
1727387506.519214 sending message 112 to peer 0x55eb8a979440 (12 bytes)
1727387506.519216 sending message 112 to peer 0x55eb8a979440 (13 bytes)
1727387506.519219 sending message 112 to peer 0x55eb8a979440 (13 bytes)
1727387506.519222 sending message 112 to peer 0x55eb8a979440 (13 bytes)
1727387506.519224 sending message 112 to peer 0x55eb8a979440 (13 bytes)
1727387506.519227 sending message 112 to peer 0x55eb8a979440 (13 bytes)
1727387506.519230 sending message 112 to peer 0x55eb8a979440 (10 bytes)
1727387506.519232 sending message 112 to peer 0x55eb8a979440 (9 bytes)
1727387506.519235 sending message 112 to peer 0x55eb8a979440 (12 bytes)
1727387506.519238 sending message 112 to peer 0x55eb8a979440 (13 bytes)
1727387506.519240 sending message 112 to peer 0x55eb8a979440 (13 bytes)
1727387506.519246 sending message 112 to peer 0x55eb8a979440 (13 bytes)
1727387506.519249 sending message 112 to peer 0x55eb8a979440 (13 bytes)
1727387506.519251 sending message 112 to peer 0x55eb8a979440 (13 bytes)
1727387506.519254 sending message 112 to peer 0x55eb8a979440 (9 bytes)
1727387506.519257 sending message 112 to peer 0x55eb8a979440 (12 bytes)
1727387506.519259 sending message 112 to peer 0x55eb8a979440 (13 bytes)
1727387506.519262 sending message 112 to peer 0x55eb8a979440 (13 bytes)
1727387506.519265 sending message 112 to peer 0x55eb8a979440 (13 bytes)
1727387506.519267 sending message 112 to peer 0x55eb8a979440 (13 bytes)
1727387506.519270 sending message 112 to peer 0x55eb8a979440 (13 bytes)
1727387506.519273 sending message 112 to peer 0x55eb8a979440 (11 bytes)
1727387506.519275 sending message 112 to peer 0x55eb8a979440 (12 bytes)
1727387506.519278 sending message 112 to peer 0x55eb8a979440 (13 bytes)
1727387506.519281 sending message 112 to peer 0x55eb8a979440 (13 bytes)
1727387506.519283 sending message 112 to peer 0x55eb8a979440 (13 bytes)
1727387506.519286 sending message 112 to peer 0x55eb8a979440 (13 bytes)
1727387506.519289 sending message 112 to peer 0x55eb8a979440 (13 bytes)
1727387506.519291 sending message 112 to peer 0x55eb8a979440 (11 bytes)
1727387506.519294 sending message 112 to peer 0x55eb8a979440 (12 bytes)
1727387506.519296 sending message 112 to peer 0x55eb8a979440 (12 bytes)
1727387506.519299 sending message 112 to peer 0x55eb8a979440 (12 bytes)
1727387506.519302 sending message 112 to peer 0x55eb8a979440 (12 bytes)
1727387506.519304 sending message 112 to peer 0x55eb8a979440 (12 bytes)
1727387506.519307 sending message 112 to peer 0x55eb8a979440 (21 bytes)
1727387506.519310 sending message 112 to peer 0x55eb8a979440 (12 bytes)
1727387506.519313 sending message 112 to peer 0x55eb8a979440 (9 bytes)
1727387506.519315 sending message 112 to peer 0x55eb8a979440 (6 bytes)
1727387506.519318 sending message 112 to peer 0x55eb8a979440 (13 bytes)
1727387506.519321 sending message 112 to peer 0x55eb8a979440 (10 bytes)
1727387506.519323 sending message 112 to peer 0x55eb8a979440 (24 bytes)
1727387506.519326 sending message 112 to peer 0x55eb8a979440 (13 bytes)
1727387506.519329 sending message 112 to peer 0x55eb8a979440 (9 bytes)
1727387506.519332 sending message 112 to peer 0x55eb8a979440 (70 bytes)
1727387506.519334 sending message 112 to peer 0x55eb8a979440 (69 bytes)
1727387506.519337 sending message 112 to peer 0x55eb8a979440 (12 bytes)
1727387506.519340 sending message 112 to peer 0x55eb8a979440 (10 bytes)
1727387506.519342 sending message 112 to peer 0x55eb8a979440 (10 bytes)
1727387506.519345 sending message 112 to peer 0x55eb8a979440 (24 bytes)
1727387506.519348 sending message 112 to peer 0x55eb8a979440 (13 bytes)
1727387506.519350 sending message 112 to peer 0x55eb8a979440 (10 bytes)
1727387506.519353 sending message 112 to peer 0x55eb8a979440 (10 bytes)
1727387506.519356 sending message 112 to peer 0x55eb8a979440 (10 bytes)
1727387506.519359 sending message 112 to peer 0x55eb8a979440 (13 bytes)
1727387506.519361 sending message 112 to peer 0x55eb8a979440 (15 bytes)
1727387506.519364 sending message 112 to peer 0x55eb8a979440 (5 bytes)
1727387506.519367 sending message 104 to peer 0x55eb8a979440 (0 bytes)
1727387506.519370 sending message 110 to peer 0x55eb8a979440 (0 bytes)
1727387506.519374 sending message 107 to peer 0x55eb8a979440 (4 bytes)
1727387506.519376 sending message 105 to peer 0x55eb8a979440 (25 bytes)
1727387506.519379 sending message 105 to peer 0x55eb8a979440 (15 bytes)
1727387506.519382 sending message 105 to peer 0x55eb8a979440 (113 bytes)
1727387506.519385 sending message 105 to peer 0x55eb8a979440 (29 bytes)
1727387506.519387 sending message 105 to peer 0x55eb8a979440 (16 bytes)
1727387506.519390 sending message 105 to peer 0x55eb8a979440 (40 bytes)
1727387506.519393 sending message 105 to peer 0x55eb8a979440 (54 bytes)
1727387506.519395 sending message 105 to peer 0x55eb8a979440 (20 bytes)
1727387506.519398 sending message 105 to peer 0x55eb8a979440 (48 bytes)
1727387506.519404 sending message 105 to peer 0x55eb8a979440 (18 bytes)
1727387506.519407 sending message 105 to peer 0x55eb8a979440 (20 bytes)
1727387506.519409 sending message 105 to peer 0x55eb8a979440 (26 bytes)
1727387506.519412 sending message 105 to peer 0x55eb8a979440 (20 bytes)
1727387506.519415 sending message 105 to peer 0x55eb8a979440 (746 bytes)
1727387506.519417 sending message 105 to peer 0x55eb8a979440 (32 bytes)
1727387506.519420 sending message 105 to peer 0x55eb8a979440 (13 bytes)
1727387506.519423 sending message 105 to peer 0x55eb8a979440 (8 bytes)
1727387506.519426 sending message 105 to peer 0x55eb8a979440 (16 bytes)
1727387506.519428 sending message 105 to peer 0x55eb8a979440 (11 bytes)
1727387506.519431 sending message 105 to peer 0x55eb8a979440 (53 bytes)
1727387506.519434 sending message 105 to peer 0x55eb8a979440 (33 bytes)
1727387506.519437 sending message 105 to peer 0x55eb8a979440 (734 bytes)
1727387506.519439 sending message 105 to peer 0x55eb8a979440 (12 bytes)
1727387506.519442 sending message 105 to peer 0x55eb8a979440 (24 bytes)
1727387506.519445 sending message 105 to peer 0x55eb8a979440 (34 bytes)
1727387506.519447 sending message 105 to peer 0x55eb8a979440 (144 bytes)
1727387506.519450 sending message 105 to peer 0x55eb8a979440 (60 bytes)
1727387506.519453 sending message 105 to peer 0x55eb8a979440 (38 bytes)
1727387506.519455 sending message 105 to peer 0x55eb8a979440 (16 bytes)
1727387506.519458 sending message 105 to peer 0x55eb8a979440 (213 bytes)
1727387506.519461 sending message 106 to peer 0x55eb8a979440 (0 bytes)
1727387506.519491 sending message 200 to peer 0x55eb8a979440 (4 bytes)
1727387506.519494 client loop enter
1727387506.519504 client_signal: Child exited
1727387506.576274 peer 0x55eb8a979440 message 207
1727387506.576288 sending message 208 to peer 0x55eb8a979440 (0 bytes)
1727387538.114292 peer 0x55eb8a979440 message 203
1727387538.114303 sending message 205 to peer 0x55eb8a979440 (0 bytes)
1727387538.114687 peer 0x55eb8a979440 message 204
1727387538.114697 client loop exit
